{"name": "выход из аккаунта", "status": "broken", "statusDetails": {"message": "selenium.common.exceptions.TimeoutException: Message: \nStacktrace:\n\tGetHandleVerifier [0x00007FF7C9E36CC5+28821]\n\t(No symbol) [0x00007FF7C9DA3850]\n\t(No symbol) [0x00007FF7C9C4578A]\n\t(No symbol) [0x00007FF7C9C991BE]\n\t(No symbol) [0x00007FF7C9C994AC]\n\t(No symbol) [0x00007FF7C9CE2647]\n\t(No symbol) [0x00007FF7C9CBF33F]\n\t(No symbol) [0x00007FF7C9CDF412]\n\t(No symbol) [0x00007FF7C9CBF0A3]\n\t(No symbol) [0x00007FF7C9C8A778]\n\t(No symbol) [0x00007FF7C9C8B8E1]\n\tGetHandleVerifier [0x00007FF7CA16FCCD+3408029]\n\tGetHandleVerifier [0x00007FF7CA18743F+3504143]\n\tGetHandleVerifier [0x00007FF7CA17B61D+3455469]\n\tGetHandleVerifier [0x00007FF7C9EFBDCB+835995]\n\t(No symbol) [0x00007FF7C9DAEB6F]\n\t(No symbol) [0x00007FF7C9DAA824]\n\t(No symbol) [0x00007FF7C9DAA9BD]\n\t(No symbol) [0x00007FF7C9D9A1A9]\n\tBaseThreadInitThunk [0x00007FFB61F57374+20]\n\tRtlUserThreadStart [0x00007FFB632DCC91+33]", "trace": "self = <tests.test_personal_account.TestPersonalAccount object at 0x000002B6AC6A57C0>, driver = <selenium.webdriver.chrome.webdriver.WebDriver (session=\"2507ae10318fa031e12309484f3c5a24\")>, create_user_and_get_creds = {'email': 'wmoreno@example.net', 'name': 'Cody Allen', 'password': ')GyBy^eV2n'}\n\n    @allure.title('выход из аккаунта')\n    @allure.description(\"Проверка выхода из аккаунта по кнопке 'Выход' в личном кабинете.\")\n    def test_log_out_of_account(self, driver, create_user_and_get_creds):\n        main_page = MainPage(driver)\n        main_page.click_on_login_button()\n        login_page = LoginPage(driver)\n        login_page.input_email_and_password(create_user_and_get_creds)\n        login_page.click_on_login_button()\n>       main_page.wait_page_to_be_loaded()\n\ntests\\test_personal_account.py:46: \n_ _ _ _ _ _ _ _ _ _ _ _ _ _ _ _ _ _ _ _ _ _ _ _ _ _ _ _ _ _ _ _ _ _ _ _ _ _ _ _ _ _ _ _ _ _ _ _ _ _ _ _ _ _ _ _ _ _ _ _ _ _ _ _ _ _ _ _ _ _ _ _ _ _ _ _ _ _ _ _ _ _ _ _ _ _ _ _ _ _ _ _ _ _ _ _ _ _ _ _ _ _ _ _ _ _ _ _ _ _ _ _ _ _ _ _ _ _ _ _ _ _ _ _ _ _ _ _ _ _ _ _ _ _ _ _ _ _ _ _ _ _ _ _ _ _ _ _ _ _ _ _ _ _\npages\\main_page.py:15: in wait_page_to_be_loaded\n    self.find_element_with_wait(MainPageLocators.BUTTON_CREATE_ORDER)\npages\\base_page.py:15: in find_element_with_wait\n    WebDriverWait(self.driver, 30).until(\n_ _ _ _ _ _ _ _ _ _ _ _ _ _ _ _ _ _ _ _ _ _ _ _ _ _ _ _ _ _ _ _ _ _ _ _ _ _ _ _ _ _ _ _ _ _ _ _ _ _ _ _ _ _ _ _ _ _ _ _ _ _ _ _ _ _ _ _ _ _ _ _ _ _ _ _ _ _ _ _ _ _ _ _ _ _ _ _ _ _ _ _ _ _ _ _ _ _ _ _ _ _ _ _ _ _ _ _ _ _ _ _ _ _ _ _ _ _ _ _ _ _ _ _ _ _ _ _ _ _ _ _ _ _ _ _ _ _ _ _ _ _ _ _ _ _ _ _ _ _ _ _ _ _\n\nself = <selenium.webdriver.support.wait.WebDriverWait (session=\"2507ae10318fa031e12309484f3c5a24\")>, method = <function visibility_of_element_located.<locals>._predicate at 0x000002B6AC6D2F20>, message = ''\n\n    def until(self, method: Callable[[D], Union[Literal[False], T]], message: str = \"\") -> T:\n        \"\"\"Calls the method provided with the driver as an argument until the \\\n        return value does not evaluate to ``False``.\n    \n        :param method: callable(WebDriver)\n        :param message: optional message for :exc:`TimeoutException`\n        :returns: the result of the last call to `method`\n        :raises: :exc:`selenium.common.exceptions.TimeoutException` if timeout occurs\n        \"\"\"\n        screen = None\n        stacktrace = None\n    \n        end_time = time.monotonic() + self._timeout\n        while True:\n            try:\n                value = method(self._driver)\n                if value:\n                    return value\n            except self._ignored_exceptions as exc:\n                screen = getattr(exc, \"screen\", None)\n                stacktrace = getattr(exc, \"stacktrace\", None)\n            time.sleep(self._poll)\n            if time.monotonic() > end_time:\n                break\n>       raise TimeoutException(message, screen, stacktrace)\nE       selenium.common.exceptions.TimeoutException: Message: \nE       Stacktrace:\nE       \tGetHandleVerifier [0x00007FF7C9E36CC5+28821]\nE       \t(No symbol) [0x00007FF7C9DA3850]\nE       \t(No symbol) [0x00007FF7C9C4578A]\nE       \t(No symbol) [0x00007FF7C9C991BE]\nE       \t(No symbol) [0x00007FF7C9C994AC]\nE       \t(No symbol) [0x00007FF7C9CE2647]\nE       \t(No symbol) [0x00007FF7C9CBF33F]\nE       \t(No symbol) [0x00007FF7C9CDF412]\nE       \t(No symbol) [0x00007FF7C9CBF0A3]\nE       \t(No symbol) [0x00007FF7C9C8A778]\nE       \t(No symbol) [0x00007FF7C9C8B8E1]\nE       \tGetHandleVerifier [0x00007FF7CA16FCCD+3408029]\nE       \tGetHandleVerifier [0x00007FF7CA18743F+3504143]\nE       \tGetHandleVerifier [0x00007FF7CA17B61D+3455469]\nE       \tGetHandleVerifier [0x00007FF7C9EFBDCB+835995]\nE       \t(No symbol) [0x00007FF7C9DAEB6F]\nE       \t(No symbol) [0x00007FF7C9DAA824]\nE       \t(No symbol) [0x00007FF7C9DAA9BD]\nE       \t(No symbol) [0x00007FF7C9D9A1A9]\nE       \tBaseThreadInitThunk [0x00007FFB61F57374+20]\nE       \tRtlUserThreadStart [0x00007FFB632DCC91+33]\n\n..\\..\\Sprint_6\\.venv\\Lib\\site-packages\\selenium\\webdriver\\support\\wait.py:105: TimeoutException"}, "description": "Проверка выхода из аккаунта по кнопке 'Выход' в личном кабинете.", "parameters": [{"name": "driver", "value": "'chrome'"}], "start": 1734026834908, "stop": 1734026865378, "uuid": "740055d0-b6e9-43dc-9ede-e45634119009", "historyId": "3f93838dd4c9b2bc5a2eebd79f2860ab", "testCaseId": "725770f921dcea94f7df80d084d762d3", "fullName": "tests.test_personal_account.TestPersonalAccount#test_log_out_of_account", "labels": [{"name": "parentSuite", "value": "tests"}, {"name": "suite", "value": "test_personal_account"}, {"name": "subSuite", "value": "TestPersonalAccount"}, {"name": "host", "value": "DESKTOP-RQNCR3S"}, {"name": "thread", "value": "4336-MainThread"}, {"name": "framework", "value": "pytest"}, {"name": "language", "value": "cpython3"}, {"name": "package", "value": "tests.test_personal_account"}]}