{"name": "переход в раздел «История заказов»", "status": "broken", "statusDetails": {"message": "selenium.common.exceptions.TimeoutException: Message: \nStacktrace:\nRemoteError@chrome://remote/content/shared/RemoteError.sys.mjs:8:8\nWebDriverError@chrome://remote/content/shared/webdriver/Errors.sys.mjs:193:5\nNoSuchElementError@chrome://remote/content/shared/webdriver/Errors.sys.mjs:511:5\ndom.find/</<@chrome://remote/content/shared/DOM.sys.mjs:136:16", "trace": "self = <tests.test_personal_account.TestPersonalAccount object at 0x000002B6AC6A5580>, driver = <selenium.webdriver.firefox.webdriver.WebDriver (session=\"9ead4dbe-65ea-4ec6-a01a-911ac73fade6\")>, create_user_and_get_creds = {'email': 'obrown@example.com', 'name': 'Kelly Beck', 'password': '+)3xIofeKc'}\n\n    @allure.title('переход в раздел «История заказов»')\n    @allure.description(\"Проверка перехода на страницу 'История заказов' по кнопке в личном кабинете.\")\n    def test_go_to_order_history(self, driver, create_user_and_get_creds):\n        main_page = MainPage(driver)\n        main_page.click_on_login_button()\n        login_page = LoginPage(driver)\n        login_page.input_email_and_password(create_user_and_get_creds)\n        login_page.click_on_login_button()\n>       main_page.wait_page_to_be_loaded()\n\ntests\\test_personal_account.py:32: \n_ _ _ _ _ _ _ _ _ _ _ _ _ _ _ _ _ _ _ _ _ _ _ _ _ _ _ _ _ _ _ _ _ _ _ _ _ _ _ _ _ _ _ _ _ _ _ _ _ _ _ _ _ _ _ _ _ _ _ _ _ _ _ _ _ _ _ _ _ _ _ _ _ _ _ _ _ _ _ _ _ _ _ _ _ _ _ _ _ _ _ _ _ _ _ _ _ _ _ _ _ _ _ _ _ _ _ _ _ _ _ _ _ _ _ _ _ _ _ _ _ _ _ _ _ _ _ _ _ _ _ _ _ _ _ _ _ _ _ _ _ _ _ _ _ _ _ _ _ _ _ _ _ _\npages\\main_page.py:15: in wait_page_to_be_loaded\n    self.find_element_with_wait(MainPageLocators.BUTTON_CREATE_ORDER)\npages\\base_page.py:15: in find_element_with_wait\n    WebDriverWait(self.driver, 30).until(\n_ _ _ _ _ _ _ _ _ _ _ _ _ _ _ _ _ _ _ _ _ _ _ _ _ _ _ _ _ _ _ _ _ _ _ _ _ _ _ _ _ _ _ _ _ _ _ _ _ _ _ _ _ _ _ _ _ _ _ _ _ _ _ _ _ _ _ _ _ _ _ _ _ _ _ _ _ _ _ _ _ _ _ _ _ _ _ _ _ _ _ _ _ _ _ _ _ _ _ _ _ _ _ _ _ _ _ _ _ _ _ _ _ _ _ _ _ _ _ _ _ _ _ _ _ _ _ _ _ _ _ _ _ _ _ _ _ _ _ _ _ _ _ _ _ _ _ _ _ _ _ _ _ _\n\nself = <selenium.webdriver.support.wait.WebDriverWait (session=\"9ead4dbe-65ea-4ec6-a01a-911ac73fade6\")>, method = <function visibility_of_element_located.<locals>._predicate at 0x000002B6AC6D3060>, message = ''\n\n    def until(self, method: Callable[[D], Union[Literal[False], T]], message: str = \"\") -> T:\n        \"\"\"Calls the method provided with the driver as an argument until the \\\n        return value does not evaluate to ``False``.\n    \n        :param method: callable(WebDriver)\n        :param message: optional message for :exc:`TimeoutException`\n        :returns: the result of the last call to `method`\n        :raises: :exc:`selenium.common.exceptions.TimeoutException` if timeout occurs\n        \"\"\"\n        screen = None\n        stacktrace = None\n    \n        end_time = time.monotonic() + self._timeout\n        while True:\n            try:\n                value = method(self._driver)\n                if value:\n                    return value\n            except self._ignored_exceptions as exc:\n                screen = getattr(exc, \"screen\", None)\n                stacktrace = getattr(exc, \"stacktrace\", None)\n            time.sleep(self._poll)\n            if time.monotonic() > end_time:\n                break\n>       raise TimeoutException(message, screen, stacktrace)\nE       selenium.common.exceptions.TimeoutException: Message: \nE       Stacktrace:\nE       RemoteError@chrome://remote/content/shared/RemoteError.sys.mjs:8:8\nE       WebDriverError@chrome://remote/content/shared/webdriver/Errors.sys.mjs:193:5\nE       NoSuchElementError@chrome://remote/content/shared/webdriver/Errors.sys.mjs:511:5\nE       dom.find/</<@chrome://remote/content/shared/DOM.sys.mjs:136:16\n\n..\\..\\Sprint_6\\.venv\\Lib\\site-packages\\selenium\\webdriver\\support\\wait.py:105: TimeoutException"}, "description": "Проверка перехода на страницу 'История заказов' по кнопке в личном кабинете.", "parameters": [{"name": "driver", "value": "'firefox'"}], "start": 1734026769960, "stop": 1734026800205, "uuid": "54906865-416d-4074-83db-30c7ce50becd", "historyId": "149e40ebf90825ba6333763509613661", "testCaseId": "bb545aeeec668e61a660736275b6f14d", "fullName": "tests.test_personal_account.TestPersonalAccount#test_go_to_order_history", "labels": [{"name": "parentSuite", "value": "tests"}, {"name": "suite", "value": "test_personal_account"}, {"name": "subSuite", "value": "TestPersonalAccount"}, {"name": "host", "value": "DESKTOP-RQNCR3S"}, {"name": "thread", "value": "4336-MainThread"}, {"name": "framework", "value": "pytest"}, {"name": "language", "value": "cpython3"}, {"name": "package", "value": "tests.test_personal_account"}]}