{"name": "ввод почты и клик по кнопке «Восстановить»", "status": "broken", "statusDetails": {"message": "selenium.common.exceptions.TimeoutException: Message:", "trace": "self = <tests.test_password_recovery.TestPasswordRecovery object at 0x000002B6AC6A4C80>, driver = <selenium.webdriver.chrome.webdriver.WebDriver (session=\"a709a93a88014ed8bbcb40dd35d6b34b\")>, create_user_and_get_creds = {'email': 'jacksondonna@example.com', 'name': 'James Long', 'password': 'EJXTtHj0_7'}\n\n    @allure.title('ввод почты и клик по кнопке «Восстановить»')\n    def test_input_email_and_click_button_recover(self, driver, create_user_and_get_creds):\n        main_page = MainPage(driver)\n        main_page.click_on_login_button()\n        login_page = LoginPage(driver)\n        login_page.click_on_button_password_recovery()\n        password_recovery = PasswordRecoveryPage(driver)\n        password_recovery.input_email(create_user_and_get_creds)\n>       current_url = password_recovery.click_on_button_recovery(RESET_PASS_PAGE)\n\ntests\\test_password_recovery.py:28: \n_ _ _ _ _ _ _ _ _ _ _ _ _ _ _ _ _ _ _ _ _ _ _ _ _ _ _ _ _ _ _ _ _ _ _ _ _ _ _ _ _ _ _ _ _ _ _ _ _ _ _ _ _ _ _ _ _ _ _ _ _ _ _ _ _ _ _ _ _ _ _ _ _ _ _ _ _ _ _ _ _ _ _ _ _ _ _ _ _ _ _ _ _ _ _ _ _ _ _ _ _ _ _ _ _ _ _ _ _ _ _ _ _ _ _ _ _ _ _ _ _ _ _ _ _ _ _ _ _ _ _ _ _ _ _ _ _ _ _ _ _ _ _ _ _ _ _ _ _ _ _ _ _ _\npages\\password_recovery_page.py:13: in click_on_button_recovery\n    self.wait_url_to_be(url)\npages\\base_page.py:39: in wait_url_to_be\n    WebDriverWait(self.driver, 5).until(EC.url_to_be(url))\n_ _ _ _ _ _ _ _ _ _ _ _ _ _ _ _ _ _ _ _ _ _ _ _ _ _ _ _ _ _ _ _ _ _ _ _ _ _ _ _ _ _ _ _ _ _ _ _ _ _ _ _ _ _ _ _ _ _ _ _ _ _ _ _ _ _ _ _ _ _ _ _ _ _ _ _ _ _ _ _ _ _ _ _ _ _ _ _ _ _ _ _ _ _ _ _ _ _ _ _ _ _ _ _ _ _ _ _ _ _ _ _ _ _ _ _ _ _ _ _ _ _ _ _ _ _ _ _ _ _ _ _ _ _ _ _ _ _ _ _ _ _ _ _ _ _ _ _ _ _ _ _ _ _\n\nself = <selenium.webdriver.support.wait.WebDriverWait (session=\"a709a93a88014ed8bbcb40dd35d6b34b\")>, method = <function url_to_be.<locals>._predicate at 0x000002B6AC6834C0>, message = ''\n\n    def until(self, method: Callable[[D], Union[Literal[False], T]], message: str = \"\") -> T:\n        \"\"\"Calls the method provided with the driver as an argument until the \\\n        return value does not evaluate to ``False``.\n    \n        :param method: callable(WebDriver)\n        :param message: optional message for :exc:`TimeoutException`\n        :returns: the result of the last call to `method`\n        :raises: :exc:`selenium.common.exceptions.TimeoutException` if timeout occurs\n        \"\"\"\n        screen = None\n        stacktrace = None\n    \n        end_time = time.monotonic() + self._timeout\n        while True:\n            try:\n                value = method(self._driver)\n                if value:\n                    return value\n            except self._ignored_exceptions as exc:\n                screen = getattr(exc, \"screen\", None)\n                stacktrace = getattr(exc, \"stacktrace\", None)\n            time.sleep(self._poll)\n            if time.monotonic() > end_time:\n                break\n>       raise TimeoutException(message, screen, stacktrace)\nE       selenium.common.exceptions.TimeoutException: Message:\n\n..\\..\\Sprint_6\\.venv\\Lib\\site-packages\\selenium\\webdriver\\support\\wait.py:105: TimeoutException"}, "parameters": [{"name": "driver", "value": "'chrome'"}], "start": 1734026427888, "stop": 1734026433044, "uuid": "8b5529d3-d4a9-44cf-a977-cc5594d43c82", "historyId": "a716ffcb1cb2f4426ce64df04954f1bc", "testCaseId": "7c6440f402bea8faf2a589dcc290eb4f", "fullName": "tests.test_password_recovery.TestPasswordRecovery#test_input_email_and_click_button_recover", "labels": [{"name": "parentSuite", "value": "tests"}, {"name": "suite", "value": "test_password_recovery"}, {"name": "subSuite", "value": "TestPasswordRecovery"}, {"name": "host", "value": "DESKTOP-RQNCR3S"}, {"name": "thread", "value": "4336-MainThread"}, {"name": "framework", "value": "pytest"}, {"name": "language", "value": "cpython3"}, {"name": "package", "value": "tests.test_password_recovery"}]}